AutoECO Report
FILE-A: D:\STUDENT\TME\2131\MAXIM_GEORGIANA_BIANCA\DATALOGGER_DEVERSOR.MAX
FILE-B: D:\STUDENT\TME\2131\MAXIM_GEORGIANA_BIANCA\DATALOGGER_DEVERSOR.MNL
If "*EOF*" immediately follows, no changes were made
Adding footprint SM/C_0805
Adding footprint SM/R_0805
Adding footprint CPCYL1/D.200/LS.100/.031
Adding footprint AD7705
Adding footprint 4 DIP 100
Adding footprint TO92/100
Adding footprint LED
Adding footprint SIP/TM/L.400/4
Adding footprint ATTINY2313
Adding footprint CRISTAL
Adding footprint SM/L_0805
Adding footprint DIP.100/8/W.300/L.400
Adding footprint SIP/TM/L.200/2
Adding package CAP_NP
Adding package R
Adding package C
Adding package AD7705_2
Adding package OPTO_ISOLATOR-A
Adding package LM78L05A/TO39_4
Adding package LED
Adding package CON4
Adding package ATTINY2313_0
Adding package CRYSTAL
Adding package LM78L05A/TO39_5
Adding package INDUCTOR
Adding package MAX485_1
Adding package CON2
Adding component C8
Adding component R3
Adding component R11
Adding component R7
Adding component C5
Adding component U4
Adding component ISO3
Adding component U3
Adding component R5
Adding component R10
Adding component C14
Adding component C3
Adding component D1
Adding component C6
Adding component D3
Adding component J1
Adding component D2
Adding component R14
Adding component C12
Adding component R1
Adding component R15
Adding component C13
Adding component C15
Adding component R12
Adding component C11
Adding component R6
Adding component C2
Adding component C16
Adding component C1
Adding component R13
Adding component C4
Adding component J3
Adding component U1
Adding component R9
Adding component ISO2
Adding component Y2
Adding component C17
Adding component C19
Adding component C18
Adding component C20
Adding component U5
Adding component L1
Adding component D4
Adding component ISO1
Adding component R4
Adding component U2
Adding component C7
Adding component R8
Adding component Y1
Adding component C9
Adding component R2
Adding component J2
Adding component C10
Adding net GND
Adding net 5VI
Adding net 12VI
Adding net A
Adding net B
Adding net OCUPAT
Adding net DOUT
Adding net SCLK
Adding net CSC
Adding net SEL TRESET
Adding net N04612
Adding net N04786
Adding net N05051
Adding net N03665
Adding net N03292
Adding net N15681
Adding net N16003
Adding net N00837
Adding net N00933
Adding net N08282
Adding net N01040
Adding net N02582
Adding net N00999
Adding net N08672
Adding net INA1+
Adding net N03230
Adding net INA1-
Adding net N03371
Adding net INA2+
Adding net INA2-
Adding net N03405
Adding net N02817
Adding net VCC
Adding net N10350
Adding net N10295
Adding net DIN
Adding net N11234
Adding net GND_FIELD SIGNAL
Adding net VCCA
Deleting net DEFAULT
*EOF*
No errors found
