Tue Mar 29 09:25:05 Saved as file D:\STUDENT\TME\2131\MAXIM_GEORGIANA_BIANCA\BIA.LLB
Tue Mar 29 09:25:05 Loaded file D:\STUDENT\TME\2131\MAXIM_GEORGIANA_BIANCA\BIA.LLB
Tue Mar 29 09:25:05 Saved as file D:\STUDENT\TME\2131\MAXIM_GEORGIANA_BIANCA\BIA.LLB
Tue Mar 29 09:25:09 Loaded file D:\STUDENT\TME\2131\MAXIM_GEORGIANA_BIANCA\BIA.LLB
Tue Mar 29 09:25:09 Saved as file D:\STUDENT\TME\2131\MAXIM_GEORGIANA_BIANCA\BIA.LLB
Tue Mar 29 09:25:13 Loaded file D:\STUDENT\TME\2131\MAXIM_GEORGIANA_BIANCA\BIA.LLB
Tue Apr 05 11:48:17 Saved as file D:\STUDENT\TME\2131\MAXIM_GEORGIANA_BIANCA\ASD.LLB
Tue Apr 05 11:48:17 Loaded file D:\STUDENT\TME\2131\MAXIM_GEORGIANA_BIANCA\ASD.LLB
Tue Apr 05 11:48:17 Saved as file D:\STUDENT\TME\2131\MAXIM_GEORGIANA_BIANCA\ASD.LLB
Tue Apr 05 11:48:42 Loaded file C:\USERS\STUDENT\DOWNLOADS\LIVIU.LLB
Tue Apr 05 11:48:42 Saved as file C:\USERS\STUDENT\DOWNLOADS\LIVIU.LLB
Tue Apr 05 11:49:51 Loaded file C:\USERS\STUDENT\DOWNLOADS\LIVIU.LLB
Tue Apr 05 11:49:56 Loaded file d:\pf_orcad\Layout\data\template.imp
Tue Apr 05 11:50:31 Loaded file d:\pf_orcad\Layout\data\template.imp
Tue Apr 05 11:50:47 Loaded file d:\pf_orcad\Layout\library\padstack.llb
Tue Apr 05 11:50:52 Loaded file d:\pf_orcad\Layout\data\template.imp
Tue Apr 05 11:50:54 Loaded file d:\pf_orcad\Layout\library\padstack.llb
Tue Apr 05 11:51:37 Loaded file d:\pf_orcad\Layout\library\padstack.llb
Tue Apr 05 11:52:02 Loaded file d:\pf_orcad\Layout\library\padstack.llb
Tue Apr 05 11:52:45 Loaded file d:\pf_orcad\Layout\library\padstack.llb
Tue Apr 05 11:52:52 Loaded file d:\pf_orcad\Layout\library\padstack.llb
Tue Apr 05 11:53:00 Loaded file d:\pf_orcad\Layout\library\padstack.llb
Tue Apr 05 11:53:08 Loaded file d:\pf_orcad\Layout\library\padstack.llb
Tue Apr 05 11:53:17 Loaded file d:\pf_orcad\Layout\library\padstack.llb
Tue Apr 05 11:53:25 Loaded file d:\pf_orcad\Layout\library\padstack.llb
Tue Apr 05 11:53:36 Loaded file d:\pf_orcad\Layout\library\padstack.llb
Tue Apr 05 11:53:43 Loaded file d:\pf_orcad\Layout\library\padstack.llb
Tue Apr 05 11:53:51 Loaded file d:\pf_orcad\Layout\library\padstack.llb
Tue Apr 05 11:53:57 Loaded file d:\pf_orcad\Layout\library\padstack.llb
Tue Apr 12 09:58:08 Loaded file D:\STUDENT\TME\2131\MAXIM_GEORGIANA_BIANCA\BIA.LLB
Tue Apr 12 09:58:08 Saved as file D:\STUDENT\TME\2131\MAXIM_GEORGIANA_BIANCA\BIA.LLB
Tue Apr 12 09:58:13 Loaded file d:\pf_orcad\Layout\data\template.imp
Tue Apr 12 09:58:15 Loaded file D:\STUDENT\TME\2131\MAXIM_GEORGIANA_BIANCA\BIA.LLB
Tue Apr 12 09:58:17 Loaded file d:\pf_orcad\Layout\data\template.imp
Tue Apr 12 10:00:48 Loaded file D:\STUDENT\TME\2131\MAXIM_GEORGIANA_BIANCA\BIA.LLB
Tue Apr 12 10:00:48 Saved as file D:\STUDENT\TME\2131\MAXIM_GEORGIANA_BIANCA\BIA.LLB
Tue Apr 12 10:00:50 Loaded file D:\STUDENT\TME\2131\MAXIM_GEORGIANA_BIANCA\BIA.LLB
Tue Apr 12 10:00:50 Saved as file D:\STUDENT\TME\2131\MAXIM_GEORGIANA_BIANCA\BIA.LLB
Tue Apr 12 10:01:18 Loaded file d:\pf_orcad\Layout\data\template.imp
Tue Apr 12 10:10:07 Loaded file d:\pf_orcad\Layout\library\padstack.llb
Tue Apr 12 10:12:28 Loaded file d:\pf_orcad\Layout\library\padstack.llb
Tue Apr 12 10:12:59 Loaded file d:\pf_orcad\Layout\library\padstack.llb
Tue Apr 12 10:13:13 Loaded file d:\pf_orcad\Layout\library\padstack.llb
Tue Apr 12 10:13:19 Loaded file d:\pf_orcad\Layout\library\padstack.llb
Tue Apr 12 10:13:41 Loaded file d:\pf_orcad\Layout\library\padstack.llb
Tue Apr 12 10:13:50 Loaded file d:\pf_orcad\Layout\library\padstack.llb
Tue Apr 12 10:14:01 Loaded file d:\pf_orcad\Layout\library\padstack.llb
Tue Apr 12 10:14:13 Loaded file d:\pf_orcad\Layout\library\padstack.llb
Tue Apr 12 10:14:22 Loaded file d:\pf_orcad\Layout\library\padstack.llb
Tue Apr 12 10:14:33 Loaded file d:\pf_orcad\Layout\library\padstack.llb
Tue Apr 12 10:24:30 Loaded file D:\STUDENT\TME\2131\MAXIM_GEORGIANA_BIANCA\BIA.LLB
Tue Apr 12 10:24:30 Saved as file D:\STUDENT\TME\2131\MAXIM_GEORGIANA_BIANCA\BIA.LLB
Tue Apr 12 10:24:34 Loaded file D:\STUDENT\TME\2131\MAXIM_GEORGIANA_BIANCA\BIA.LLB
Tue Apr 12 10:25:08 Loaded file d:\pf_orcad\Layout\data\template.imp
Tue Apr 12 10:25:25 Loaded file d:\pf_orcad\Layout\data\template.imp
Tue Apr 12 10:28:47 Loaded file D:\STUDENT\TME\2131\MAXIM_GEORGIANA_BIANCA\BIA.LLB
Tue Apr 12 10:28:47 Saved as file D:\STUDENT\TME\2131\MAXIM_GEORGIANA_BIANCA\BIA.LLB
Tue Apr 12 10:28:48 Loaded file D:\STUDENT\TME\2131\MAXIM_GEORGIANA_BIANCA\BIA.LLB
Tue Apr 12 10:28:48 Saved as file D:\STUDENT\TME\2131\MAXIM_GEORGIANA_BIANCA\BIA.LLB
Tue Apr 19 09:38:07 Saved as file D:\STUDENT\TME\2131\MAXIM_GEORGIANA_BIANCA\DATALOGGER_DEVERSOR.MAX
Tue Apr 19 09:38:07 Saved as file BACKUP1.MAX
Tue Apr 19 09:38:07 Saved as file D:\STUDENT\TME\2131\MAXIM_GEORGIANA_BIANCA\DATALOGGER_DEVERSOR.MAX
Tue Apr 19 09:38:07 UserDiv from Layout.INI for AutoECO: 60
Tue Apr 19 09:38:07 Loaded file D:\STUDENT\TME\2131\MAXIM_GEORGIANA_BIANCA\DATALOGGER_DEVERSOR.MAX
Tue Apr 19 09:38:08 Loaded file D:\STUDENT\TME\2133\VRABIE_ILINCA\FOOTPRINTS_VRABIE.LLB
Tue Apr 19 09:38:08 Loaded file D:\STUDENT\TME\2133\CIOARBA_VLAD\AT.LLB
Tue Apr 19 09:38:08 Loaded file D:\STUDENT\TME\2131\MAXIM_GEORGIANA_BIANCA\BIA.LLB
Tue Apr 19 09:38:08 Loaded file C:\USERS\STUDENT\DOWNLOADS\LIVIU.LLB
Tue Apr 19 09:38:08 Loaded file D:\STUDENT\TME\DOCUMENTATIE PENTRU TOATA LUMEA\LIVIU.LLB
Tue Apr 19 09:38:08 Loaded file d:\pf_orcad\Layout\library\BCON100T.llb
Tue Apr 19 09:38:08 Loaded file d:\pf_orcad\Layout\library\BCON156T.llb
Tue Apr 19 09:38:08 Loaded file d:\pf_orcad\Layout\library\BGA.llb
Tue Apr 19 09:38:08 Loaded file d:\pf_orcad\Layout\library\CLCC.llb
Tue Apr 19 09:38:08 Loaded file d:\pf_orcad\Layout\library\DCON050T.llb
Tue Apr 19 09:38:08 Loaded file d:\pf_orcad\Layout\library\DCON085T.llb
Tue Apr 19 09:38:08 Loaded file d:\pf_orcad\Layout\library\DIMM050F.llb
Tue Apr 19 09:38:08 Loaded file d:\pf_orcad\Layout\library\DIMM050T.llb
Tue Apr 19 09:38:08 Loaded file d:\pf_orcad\Layout\library\DIN.llb
Tue Apr 19 09:38:08 Loaded file d:\pf_orcad\Layout\library\DIP100B.llb
Tue Apr 19 09:38:08 Loaded file d:\pf_orcad\Layout\library\DIP100T.llb
Tue Apr 19 09:38:08 Loaded file d:\pf_orcad\Layout\library\DSUBT.llb
Tue Apr 19 09:38:08 Loaded file d:\pf_orcad\Layout\library\DSUBT_HD.LLB
Tue Apr 19 09:38:08 Loaded file d:\pf_orcad\Layout\library\ECON100T.llb
Tue Apr 19 09:38:08 Loaded file d:\pf_orcad\Layout\library\FBUS.llb
Tue Apr 19 09:38:08 Loaded file d:\pf_orcad\Layout\library\ISA.llb
Tue Apr 19 09:38:08 Loaded file d:\pf_orcad\Layout\library\JUMPER.LLB
Tue Apr 19 09:38:08 Loaded file d:\pf_orcad\Layout\library\LAYOUT.llb
Tue Apr 19 09:38:08 Loaded file d:\pf_orcad\Layout\library\LCON100T.llb
Tue Apr 19 09:38:08 Loaded file d:\pf_orcad\Layout\library\PC104.llb
Tue Apr 19 09:38:08 Loaded file d:\pf_orcad\Layout\library\PCI.llb
Tue Apr 19 09:38:08 Loaded file d:\pf_orcad\Layout\library\PCON100T.llb
Tue Apr 19 09:38:08 Loaded file d:\pf_orcad\Layout\library\PCON156T.llb
Tue Apr 19 09:38:08 Loaded file d:\pf_orcad\Layout\library\PGA.llb
Tue Apr 19 09:38:08 Loaded file d:\pf_orcad\Layout\library\PLCC.llb
Tue Apr 19 09:38:08 Loaded file d:\pf_orcad\Layout\library\QUAD.llb
Tue Apr 19 09:38:08 Loaded file d:\pf_orcad\Layout\library\QUADB.llb
Tue Apr 19 09:38:08 Loaded file d:\pf_orcad\Layout\library\RELAY.llb
Tue Apr 19 09:38:08 Loaded file d:\pf_orcad\Layout\library\RF.llb
Tue Apr 19 09:38:08 Loaded file d:\pf_orcad\Layout\library\SBUS.llb
Tue Apr 19 09:38:08 Loaded file d:\pf_orcad\Layout\library\SIMM050F.llb
Tue Apr 19 09:38:08 Loaded file d:\pf_orcad\Layout\library\SIMM050T.llb
Tue Apr 19 09:38:08 Loaded file d:\pf_orcad\Layout\library\SIMM100F.llb
Tue Apr 19 09:38:08 Loaded file d:\pf_orcad\Layout\library\SIMM100T.llb
Tue Apr 19 09:38:08 Loaded file d:\pf_orcad\Layout\library\SIP.llb
Tue Apr 19 09:38:08 Loaded file d:\pf_orcad\Layout\library\SM.llb
Tue Apr 19 09:38:08 Loaded file d:\pf_orcad\Layout\library\SOG.llb
Tue Apr 19 09:38:08 Loaded file d:\pf_orcad\Layout\library\SOJ.llb
Tue Apr 19 09:38:08 Loaded file d:\pf_orcad\Layout\library\STIFF.llb
Tue Apr 19 09:38:08 Loaded file d:\pf_orcad\Layout\library\TELE.llb
Tue Apr 19 09:38:08 Loaded file d:\pf_orcad\Layout\library\TM_AXIAL.llb
Tue Apr 19 09:38:08 Loaded file d:\pf_orcad\Layout\library\TM_CAP_P.llb
Tue Apr 19 09:38:08 Loaded file d:\pf_orcad\Layout\library\TM_CYLND.llb
Tue Apr 19 09:38:08 Loaded file d:\pf_orcad\Layout\library\TM_DIODE.llb
Tue Apr 19 09:38:08 Loaded file d:\pf_orcad\Layout\library\TM_DISC.llb
Tue Apr 19 09:38:08 Loaded file d:\pf_orcad\Layout\library\TM_RAD.llb
Tue Apr 19 09:38:08 Loaded file d:\pf_orcad\Layout\library\TO.llb
Tue Apr 19 09:38:08 Loaded file d:\pf_orcad\Layout\library\TRAINING.LLB
Tue Apr 19 09:38:08 Loaded file d:\pf_orcad\Layout\library\VRES.llb
Tue Apr 19 09:38:08 Loaded file d:\pf_orcad\Layout\library\WCON100T.llb
Tue Apr 19 09:38:08 Loaded file d:\pf_orcad\Layout\library\XT.llb
Tue Apr 19 09:38:08 Loaded file d:\pf_orcad\Layout\library\ZIGZAG.llb
Tue Apr 19 09:38:09 Loaded file d:\pf_orcad\Layout\library\SM.llb
Tue Apr 19 09:38:09 Loaded file d:\pf_orcad\Layout\library\SM.llb
Tue Apr 19 09:38:09 Loaded file d:\pf_orcad\Layout\library\TM_CAP_P.llb
Tue Apr 19 09:38:09 Loaded file D:\STUDENT\TME\2133\VRABIE_ILINCA\FOOTPRINTS_VRABIE.LLB
Tue Apr 19 09:38:09 Loaded file C:\USERS\STUDENT\DOWNLOADS\LIVIU.LLB
Tue Apr 19 09:38:09 Loaded file d:\pf_orcad\Layout\library\TO.llb
Tue Apr 19 09:38:09 Loaded file C:\USERS\STUDENT\DOWNLOADS\LIVIU.LLB
Tue Apr 19 09:38:09 Loaded file d:\pf_orcad\Layout\library\SIP.llb
Tue Apr 19 09:38:09 Loaded file D:\STUDENT\TME\2133\CIOARBA_VLAD\AT.LLB
Tue Apr 19 09:38:09 Loaded file d:\pf_orcad\Layout\library\SM.llb
Tue Apr 19 09:38:09 Loaded file d:\pf_orcad\Layout\library\DIP100T.llb
Tue Apr 19 09:38:09 Loaded file d:\pf_orcad\Layout\library\SIP.llb
Tue Apr 19 09:38:09 Saved as file D:\STUDENT\TME\2131\MAXIM_GEORGIANA_BIANCA\DATALOGGER_DEVERSOR.MAX
Tue Apr 19 09:38:09 Loaded file D:\STUDENT\TME\2131\MAXIM_GEORGIANA_BIANCA\DATALOGGER_DEVERSOR.MAX
Tue Apr 19 09:48:11 Saved as file BACKUP1.MAX
Tue Apr 19 09:53:56 Saved as file BACKUP1.MAX
Tue Apr 19 09:53:56 Saved as file D:\STUDENT\TME\2131\MAXIM_GEORGIANA_BIANCA\DATALOGGER_DEVERSOR.MAX
Tue Apr 19 09:53:56 UserDiv from Layout.INI for AutoECO: 60
Tue Apr 19 09:53:56 Loaded file D:\STUDENT\TME\2131\MAXIM_GEORGIANA_BIANCA\DATALOGGER_DEVERSOR.MAX
Tue Apr 19 09:53:56 Loaded file D:\STUDENT\TME\2133\VRABIE_ILINCA\FOOTPRINTS_VRABIE.LLB
Tue Apr 19 09:53:56 Loaded file D:\STUDENT\TME\2133\CIOARBA_VLAD\AT.LLB
Tue Apr 19 09:53:56 Loaded file D:\STUDENT\TME\2131\MAXIM_GEORGIANA_BIANCA\BIA.LLB
Tue Apr 19 09:53:56 Loaded file C:\USERS\STUDENT\DOWNLOADS\LIVIU.LLB
Tue Apr 19 09:53:56 Loaded file D:\STUDENT\TME\DOCUMENTATIE PENTRU TOATA LUMEA\LIVIU.LLB
Tue Apr 19 09:53:56 Loaded file d:\pf_orcad\Layout\library\BCON100T.llb
Tue Apr 19 09:53:56 Loaded file d:\pf_orcad\Layout\library\BCON156T.llb
Tue Apr 19 09:53:56 Loaded file d:\pf_orcad\Layout\library\BGA.llb
Tue Apr 19 09:53:56 Loaded file d:\pf_orcad\Layout\library\CLCC.llb
Tue Apr 19 09:53:56 Loaded file d:\pf_orcad\Layout\library\DCON050T.llb
Tue Apr 19 09:53:56 Loaded file d:\pf_orcad\Layout\library\DCON085T.llb
Tue Apr 19 09:53:56 Loaded file d:\pf_orcad\Layout\library\DIMM050F.llb
Tue Apr 19 09:53:56 Loaded file d:\pf_orcad\Layout\library\DIMM050T.llb
Tue Apr 19 09:53:56 Loaded file d:\pf_orcad\Layout\library\DIN.llb
Tue Apr 19 09:53:56 Loaded file d:\pf_orcad\Layout\library\DIP100B.llb
Tue Apr 19 09:53:56 Loaded file d:\pf_orcad\Layout\library\DIP100T.llb
Tue Apr 19 09:53:56 Loaded file d:\pf_orcad\Layout\library\DSUBT.llb
Tue Apr 19 09:53:56 Loaded file d:\pf_orcad\Layout\library\DSUBT_HD.LLB
Tue Apr 19 09:53:56 Loaded file d:\pf_orcad\Layout\library\ECON100T.llb
Tue Apr 19 09:53:56 Loaded file d:\pf_orcad\Layout\library\FBUS.llb
Tue Apr 19 09:53:56 Loaded file d:\pf_orcad\Layout\library\ISA.llb
Tue Apr 19 09:53:56 Loaded file d:\pf_orcad\Layout\library\JUMPER.LLB
Tue Apr 19 09:53:56 Loaded file d:\pf_orcad\Layout\library\LAYOUT.llb
Tue Apr 19 09:53:56 Loaded file d:\pf_orcad\Layout\library\LCON100T.llb
Tue Apr 19 09:53:56 Loaded file d:\pf_orcad\Layout\library\PC104.llb
Tue Apr 19 09:53:56 Loaded file d:\pf_orcad\Layout\library\PCI.llb
Tue Apr 19 09:53:56 Loaded file d:\pf_orcad\Layout\library\PCON100T.llb
Tue Apr 19 09:53:56 Loaded file d:\pf_orcad\Layout\library\PCON156T.llb
Tue Apr 19 09:53:56 Loaded file d:\pf_orcad\Layout\library\PGA.llb
Tue Apr 19 09:53:56 Loaded file d:\pf_orcad\Layout\library\PLCC.llb
Tue Apr 19 09:53:56 Loaded file d:\pf_orcad\Layout\library\QUAD.llb
Tue Apr 19 09:53:56 Loaded file d:\pf_orcad\Layout\library\QUADB.llb
Tue Apr 19 09:53:56 Loaded file d:\pf_orcad\Layout\library\RELAY.llb
Tue Apr 19 09:53:56 Loaded file d:\pf_orcad\Layout\library\RF.llb
Tue Apr 19 09:53:56 Loaded file d:\pf_orcad\Layout\library\SBUS.llb
Tue Apr 19 09:53:56 Loaded file d:\pf_orcad\Layout\library\SIMM050F.llb
Tue Apr 19 09:53:56 Loaded file d:\pf_orcad\Layout\library\SIMM050T.llb
Tue Apr 19 09:53:56 Loaded file d:\pf_orcad\Layout\library\SIMM100F.llb
Tue Apr 19 09:53:56 Loaded file d:\pf_orcad\Layout\library\SIMM100T.llb
Tue Apr 19 09:53:56 Loaded file d:\pf_orcad\Layout\library\SIP.llb
Tue Apr 19 09:53:56 Loaded file d:\pf_orcad\Layout\library\SM.llb
Tue Apr 19 09:53:56 Loaded file d:\pf_orcad\Layout\library\SOG.llb
Tue Apr 19 09:53:56 Loaded file d:\pf_orcad\Layout\library\SOJ.llb
Tue Apr 19 09:53:56 Loaded file d:\pf_orcad\Layout\library\STIFF.llb
Tue Apr 19 09:53:56 Loaded file d:\pf_orcad\Layout\library\TELE.llb
Tue Apr 19 09:53:56 Loaded file d:\pf_orcad\Layout\library\TM_AXIAL.llb
Tue Apr 19 09:53:56 Loaded file d:\pf_orcad\Layout\library\TM_CAP_P.llb
Tue Apr 19 09:53:56 Loaded file d:\pf_orcad\Layout\library\TM_CYLND.llb
Tue Apr 19 09:53:56 Loaded file d:\pf_orcad\Layout\library\TM_DIODE.llb
Tue Apr 19 09:53:56 Loaded file d:\pf_orcad\Layout\library\TM_DISC.llb
Tue Apr 19 09:53:56 Loaded file d:\pf_orcad\Layout\library\TM_RAD.llb
Tue Apr 19 09:53:56 Loaded file d:\pf_orcad\Layout\library\TO.llb
Tue Apr 19 09:53:56 Loaded file d:\pf_orcad\Layout\library\TRAINING.LLB
Tue Apr 19 09:53:56 Loaded file d:\pf_orcad\Layout\library\VRES.llb
Tue Apr 19 09:53:56 Loaded file d:\pf_orcad\Layout\library\WCON100T.llb
Tue Apr 19 09:53:56 Loaded file d:\pf_orcad\Layout\library\XT.llb
Tue Apr 19 09:53:56 Loaded file d:\pf_orcad\Layout\library\ZIGZAG.llb
Tue Apr 19 09:53:56 Loaded file C:\USERS\STUDENT\DOWNLOADS\LIVIU.LLB
Tue Apr 19 09:53:56 Saved as file D:\STUDENT\TME\2131\MAXIM_GEORGIANA_BIANCA\DATALOGGER_DEVERSOR.MAX
Tue Apr 19 09:53:56 Loaded file D:\STUDENT\TME\2131\MAXIM_GEORGIANA_BIANCA\DATALOGGER_DEVERSOR.MAX
Tue Apr 19 09:53:59 Loaded file D:\STUDENT\TME\2131\MAXIM_GEORGIANA_BIANCA\DATALOGGER_DEVERSOR.MAX
Tue Apr 19 09:54:14 Error code 5200.306
Tue Apr 19 09:54:14 Saved as file Backup0.max
Tue Apr 19 09:54:14 Windows which were open at time of error:
Tue Apr 19 09:54:14 	ActiveWindow: Library Manager
Tue Apr 19 09:54:14 End-of-list
Tue Apr 19 09:54:14 Loaded file BACKUP0.MAX
Tue Apr 19 09:54:26 Error code 5200.306
Tue Apr 19 09:54:26 Saved as file Backup0.max
Tue Apr 19 09:54:26 Windows which were open at time of error:
Tue Apr 19 09:54:26 	ActiveWindow: Library Manager
Tue Apr 19 09:54:26 End-of-list
Tue Apr 19 09:54:26 Loaded file BACKUP0.MAX
Tue Apr 19 09:54:53 Saved as file BACKUP1.MAX
Tue Apr 19 09:54:53 Saved as file D:\STUDENT\TME\2131\MAXIM_GEORGIANA_BIANCA\DATALOGGER_DEVERSOR.MAX
Tue Apr 19 09:54:53 UserDiv from Layout.INI for AutoECO: 60
Tue Apr 19 09:54:53 Loaded file D:\STUDENT\TME\2131\MAXIM_GEORGIANA_BIANCA\DATALOGGER_DEVERSOR.MAX
Tue Apr 19 09:54:53 Loaded file D:\STUDENT\TME\2133\VRABIE_ILINCA\FOOTPRINTS_VRABIE.LLB
Tue Apr 19 09:54:53 Loaded file D:\STUDENT\TME\2133\CIOARBA_VLAD\AT.LLB
Tue Apr 19 09:54:53 Loaded file D:\STUDENT\TME\2131\MAXIM_GEORGIANA_BIANCA\BIA.LLB
Tue Apr 19 09:54:53 Loaded file C:\USERS\STUDENT\DOWNLOADS\LIVIU.LLB
Tue Apr 19 09:54:53 Loaded file D:\STUDENT\TME\DOCUMENTATIE PENTRU TOATA LUMEA\LIVIU.LLB
Tue Apr 19 09:54:53 Loaded file d:\pf_orcad\Layout\library\BCON100T.llb
Tue Apr 19 09:54:53 Loaded file d:\pf_orcad\Layout\library\BCON156T.llb
Tue Apr 19 09:54:53 Loaded file d:\pf_orcad\Layout\library\BGA.llb
Tue Apr 19 09:54:53 Loaded file d:\pf_orcad\Layout\library\CLCC.llb
Tue Apr 19 09:54:53 Loaded file d:\pf_orcad\Layout\library\DCON050T.llb
Tue Apr 19 09:54:53 Loaded file d:\pf_orcad\Layout\library\DCON085T.llb
Tue Apr 19 09:54:53 Loaded file d:\pf_orcad\Layout\library\DIMM050F.llb
Tue Apr 19 09:54:53 Loaded file d:\pf_orcad\Layout\library\DIMM050T.llb
Tue Apr 19 09:54:53 Loaded file d:\pf_orcad\Layout\library\DIN.llb
Tue Apr 19 09:54:53 Loaded file d:\pf_orcad\Layout\library\DIP100B.llb
Tue Apr 19 09:54:53 Loaded file d:\pf_orcad\Layout\library\DIP100T.llb
Tue Apr 19 09:54:53 Loaded file d:\pf_orcad\Layout\library\DSUBT.llb
Tue Apr 19 09:54:53 Loaded file d:\pf_orcad\Layout\library\DSUBT_HD.LLB
Tue Apr 19 09:54:53 Loaded file d:\pf_orcad\Layout\library\ECON100T.llb
Tue Apr 19 09:54:53 Loaded file d:\pf_orcad\Layout\library\FBUS.llb
Tue Apr 19 09:54:53 Loaded file d:\pf_orcad\Layout\library\ISA.llb
Tue Apr 19 09:54:53 Loaded file d:\pf_orcad\Layout\library\JUMPER.LLB
Tue Apr 19 09:54:53 Loaded file d:\pf_orcad\Layout\library\LAYOUT.llb
Tue Apr 19 09:54:53 Loaded file d:\pf_orcad\Layout\library\LCON100T.llb
Tue Apr 19 09:54:53 Loaded file d:\pf_orcad\Layout\library\PC104.llb
Tue Apr 19 09:54:53 Loaded file d:\pf_orcad\Layout\library\PCI.llb
Tue Apr 19 09:54:53 Loaded file d:\pf_orcad\Layout\library\PCON100T.llb
Tue Apr 19 09:54:53 Loaded file d:\pf_orcad\Layout\library\PCON156T.llb
Tue Apr 19 09:54:53 Loaded file d:\pf_orcad\Layout\library\PGA.llb
Tue Apr 19 09:54:53 Loaded file d:\pf_orcad\Layout\library\PLCC.llb
Tue Apr 19 09:54:53 Loaded file d:\pf_orcad\Layout\library\QUAD.llb
Tue Apr 19 09:54:53 Loaded file d:\pf_orcad\Layout\library\QUADB.llb
Tue Apr 19 09:54:53 Loaded file d:\pf_orcad\Layout\library\RELAY.llb
Tue Apr 19 09:54:53 Loaded file d:\pf_orcad\Layout\library\RF.llb
Tue Apr 19 09:54:53 Loaded file d:\pf_orcad\Layout\library\SBUS.llb
Tue Apr 19 09:54:53 Loaded file d:\pf_orcad\Layout\library\SIMM050F.llb
Tue Apr 19 09:54:53 Loaded file d:\pf_orcad\Layout\library\SIMM050T.llb
Tue Apr 19 09:54:53 Loaded file d:\pf_orcad\Layout\library\SIMM100F.llb
Tue Apr 19 09:54:53 Loaded file d:\pf_orcad\Layout\library\SIMM100T.llb
Tue Apr 19 09:54:53 Loaded file d:\pf_orcad\Layout\library\SIP.llb
Tue Apr 19 09:54:53 Loaded file d:\pf_orcad\Layout\library\SM.llb
Tue Apr 19 09:54:53 Loaded file d:\pf_orcad\Layout\library\SOG.llb
Tue Apr 19 09:54:53 Loaded file d:\pf_orcad\Layout\library\SOJ.llb
Tue Apr 19 09:54:53 Loaded file d:\pf_orcad\Layout\library\STIFF.llb
Tue Apr 19 09:54:53 Loaded file d:\pf_orcad\Layout\library\TELE.llb
Tue Apr 19 09:54:53 Loaded file d:\pf_orcad\Layout\library\TM_AXIAL.llb
Tue Apr 19 09:54:53 Loaded file d:\pf_orcad\Layout\library\TM_CAP_P.llb
Tue Apr 19 09:54:53 Loaded file d:\pf_orcad\Layout\library\TM_CYLND.llb
Tue Apr 19 09:54:53 Loaded file d:\pf_orcad\Layout\library\TM_DIODE.llb
Tue Apr 19 09:54:53 Loaded file d:\pf_orcad\Layout\library\TM_DISC.llb
Tue Apr 19 09:54:53 Loaded file d:\pf_orcad\Layout\library\TM_RAD.llb
Tue Apr 19 09:54:53 Loaded file d:\pf_orcad\Layout\library\TO.llb
Tue Apr 19 09:54:53 Loaded file d:\pf_orcad\Layout\library\TRAINING.LLB
Tue Apr 19 09:54:53 Loaded file d:\pf_orcad\Layout\library\VRES.llb
Tue Apr 19 09:54:53 Loaded file d:\pf_orcad\Layout\library\WCON100T.llb
Tue Apr 19 09:54:53 Loaded file d:\pf_orcad\Layout\library\XT.llb
Tue Apr 19 09:54:53 Loaded file d:\pf_orcad\Layout\library\ZIGZAG.llb
Tue Apr 19 09:54:53 Saved as file D:\STUDENT\TME\2131\MAXIM_GEORGIANA_BIANCA\DATALOGGER_DEVERSOR.MAX
Tue Apr 19 09:54:53 Loaded file D:\STUDENT\TME\2131\MAXIM_GEORGIANA_BIANCA\DATALOGGER_DEVERSOR.MAX
Tue Apr 19 09:54:56 Loaded file D:\STUDENT\TME\2131\MAXIM_GEORGIANA_BIANCA\DATALOGGER_DEVERSOR.MAX
Tue Apr 19 09:57:03 Saved as file BACKUP1.MAX
Tue Apr 19 09:57:03 Saved as file D:\STUDENT\TME\2131\MAXIM_GEORGIANA_BIANCA\DATALOGGER_DEVERSOR.MAX
Tue Apr 19 09:57:03 UserDiv from Layout.INI for AutoECO: 60
Tue Apr 19 09:57:03 Loaded file D:\STUDENT\TME\2131\MAXIM_GEORGIANA_BIANCA\DATALOGGER_DEVERSOR.MAX
Tue Apr 19 09:57:03 Loaded file D:\STUDENT\TME\2133\VRABIE_ILINCA\FOOTPRINTS_VRABIE.LLB
Tue Apr 19 09:57:03 Loaded file D:\STUDENT\TME\2133\CIOARBA_VLAD\AT.LLB
Tue Apr 19 09:57:03 Loaded file D:\STUDENT\TME\2131\MAXIM_GEORGIANA_BIANCA\BIA.LLB
Tue Apr 19 09:57:03 Loaded file C:\USERS\STUDENT\DOWNLOADS\LIVIU.LLB
Tue Apr 19 09:57:03 Loaded file D:\STUDENT\TME\DOCUMENTATIE PENTRU TOATA LUMEA\LIVIU.LLB
Tue Apr 19 09:57:03 Loaded file d:\pf_orcad\Layout\library\BCON100T.llb
Tue Apr 19 09:57:03 Loaded file d:\pf_orcad\Layout\library\BCON156T.llb
Tue Apr 19 09:57:03 Loaded file d:\pf_orcad\Layout\library\BGA.llb
Tue Apr 19 09:57:03 Loaded file d:\pf_orcad\Layout\library\CLCC.llb
Tue Apr 19 09:57:03 Loaded file d:\pf_orcad\Layout\library\DCON050T.llb
Tue Apr 19 09:57:03 Loaded file d:\pf_orcad\Layout\library\DCON085T.llb
Tue Apr 19 09:57:03 Loaded file d:\pf_orcad\Layout\library\DIMM050F.llb
Tue Apr 19 09:57:03 Loaded file d:\pf_orcad\Layout\library\DIMM050T.llb
Tue Apr 19 09:57:03 Loaded file d:\pf_orcad\Layout\library\DIN.llb
Tue Apr 19 09:57:03 Loaded file d:\pf_orcad\Layout\library\DIP100B.llb
Tue Apr 19 09:57:03 Loaded file d:\pf_orcad\Layout\library\DIP100T.llb
Tue Apr 19 09:57:04 Loaded file d:\pf_orcad\Layout\library\DSUBT.llb
Tue Apr 19 09:57:04 Loaded file d:\pf_orcad\Layout\library\DSUBT_HD.LLB
Tue Apr 19 09:57:04 Loaded file d:\pf_orcad\Layout\library\ECON100T.llb
Tue Apr 19 09:57:04 Loaded file d:\pf_orcad\Layout\library\FBUS.llb
Tue Apr 19 09:57:04 Loaded file d:\pf_orcad\Layout\library\ISA.llb
Tue Apr 19 09:57:04 Loaded file d:\pf_orcad\Layout\library\JUMPER.LLB
Tue Apr 19 09:57:04 Loaded file d:\pf_orcad\Layout\library\LAYOUT.llb
Tue Apr 19 09:57:04 Loaded file d:\pf_orcad\Layout\library\LCON100T.llb
Tue Apr 19 09:57:04 Loaded file d:\pf_orcad\Layout\library\PC104.llb
Tue Apr 19 09:57:04 Loaded file d:\pf_orcad\Layout\library\PCI.llb
Tue Apr 19 09:57:04 Loaded file d:\pf_orcad\Layout\library\PCON100T.llb
Tue Apr 19 09:57:04 Loaded file d:\pf_orcad\Layout\library\PCON156T.llb
Tue Apr 19 09:57:04 Loaded file d:\pf_orcad\Layout\library\PGA.llb
Tue Apr 19 09:57:04 Loaded file d:\pf_orcad\Layout\library\PLCC.llb
Tue Apr 19 09:57:04 Loaded file d:\pf_orcad\Layout\library\QUAD.llb
Tue Apr 19 09:57:04 Loaded file d:\pf_orcad\Layout\library\QUADB.llb
Tue Apr 19 09:57:04 Loaded file d:\pf_orcad\Layout\library\RELAY.llb
Tue Apr 19 09:57:04 Loaded file d:\pf_orcad\Layout\library\RF.llb
Tue Apr 19 09:57:04 Loaded file d:\pf_orcad\Layout\library\SBUS.llb
Tue Apr 19 09:57:04 Loaded file d:\pf_orcad\Layout\library\SIMM050F.llb
Tue Apr 19 09:57:04 Loaded file d:\pf_orcad\Layout\library\SIMM050T.llb
Tue Apr 19 09:57:04 Loaded file d:\pf_orcad\Layout\library\SIMM100F.llb
Tue Apr 19 09:57:04 Loaded file d:\pf_orcad\Layout\library\SIMM100T.llb
Tue Apr 19 09:57:04 Loaded file d:\pf_orcad\Layout\library\SIP.llb
Tue Apr 19 09:57:04 Loaded file d:\pf_orcad\Layout\library\SM.llb
Tue Apr 19 09:57:04 Loaded file d:\pf_orcad\Layout\library\SOG.llb
Tue Apr 19 09:57:04 Loaded file d:\pf_orcad\Layout\library\SOJ.llb
Tue Apr 19 09:57:04 Loaded file d:\pf_orcad\Layout\library\STIFF.llb
Tue Apr 19 09:57:04 Loaded file d:\pf_orcad\Layout\library\TELE.llb
Tue Apr 19 09:57:04 Loaded file d:\pf_orcad\Layout\library\TM_AXIAL.llb
Tue Apr 19 09:57:04 Loaded file d:\pf_orcad\Layout\library\TM_CAP_P.llb
Tue Apr 19 09:57:04 Loaded file d:\pf_orcad\Layout\library\TM_CYLND.llb
Tue Apr 19 09:57:04 Loaded file d:\pf_orcad\Layout\library\TM_DIODE.llb
Tue Apr 19 09:57:04 Loaded file d:\pf_orcad\Layout\library\TM_DISC.llb
Tue Apr 19 09:57:04 Loaded file d:\pf_orcad\Layout\library\TM_RAD.llb
Tue Apr 19 09:57:04 Loaded file d:\pf_orcad\Layout\library\TO.llb
Tue Apr 19 09:57:04 Loaded file d:\pf_orcad\Layout\library\TRAINING.LLB
Tue Apr 19 09:57:04 Loaded file d:\pf_orcad\Layout\library\VRES.llb
Tue Apr 19 09:57:04 Loaded file d:\pf_orcad\Layout\library\WCON100T.llb
Tue Apr 19 09:57:04 Loaded file d:\pf_orcad\Layout\library\XT.llb
Tue Apr 19 09:57:04 Loaded file d:\pf_orcad\Layout\library\ZIGZAG.llb
Tue Apr 19 09:57:04 Saved as file D:\STUDENT\TME\2131\MAXIM_GEORGIANA_BIANCA\DATALOGGER_DEVERSOR.MAX
Tue Apr 19 09:57:04 Loaded file D:\STUDENT\TME\2131\MAXIM_GEORGIANA_BIANCA\DATALOGGER_DEVERSOR.MAX
Tue Apr 19 09:57:04 Loaded file D:\STUDENT\TME\2131\MAXIM_GEORGIANA_BIANCA\DATALOGGER_DEVERSOR.MAX
Tue Apr 19 09:57:19 Saved as file BACKUP1.MAX
Tue Apr 19 09:57:19 Saved as file D:\STUDENT\TME\2131\MAXIM_GEORGIANA_BIANCA\DATALOGGER_DEVERSOR.MAX
Tue Apr 19 09:57:19 UserDiv from Layout.INI for AutoECO: 60
Tue Apr 19 09:57:19 Loaded file D:\STUDENT\TME\2131\MAXIM_GEORGIANA_BIANCA\DATALOGGER_DEVERSOR.MAX
Tue Apr 19 09:57:19 Loaded file D:\STUDENT\TME\2133\VRABIE_ILINCA\FOOTPRINTS_VRABIE.LLB
Tue Apr 19 09:57:19 Loaded file D:\STUDENT\TME\2133\CIOARBA_VLAD\AT.LLB
Tue Apr 19 09:57:19 Loaded file D:\STUDENT\TME\2131\MAXIM_GEORGIANA_BIANCA\BIA.LLB
Tue Apr 19 09:57:19 Loaded file C:\USERS\STUDENT\DOWNLOADS\LIVIU.LLB
Tue Apr 19 09:57:19 Loaded file D:\STUDENT\TME\DOCUMENTATIE PENTRU TOATA LUMEA\LIVIU.LLB
Tue Apr 19 09:57:19 Loaded file d:\pf_orcad\Layout\library\BCON100T.llb
Tue Apr 19 09:57:19 Loaded file d:\pf_orcad\Layout\library\BCON156T.llb
Tue Apr 19 09:57:19 Loaded file d:\pf_orcad\Layout\library\BGA.llb
Tue Apr 19 09:57:19 Loaded file d:\pf_orcad\Layout\library\CLCC.llb
Tue Apr 19 09:57:19 Loaded file d:\pf_orcad\Layout\library\DCON050T.llb
Tue Apr 19 09:57:19 Loaded file d:\pf_orcad\Layout\library\DCON085T.llb
Tue Apr 19 09:57:19 Loaded file d:\pf_orcad\Layout\library\DIMM050F.llb
Tue Apr 19 09:57:19 Loaded file d:\pf_orcad\Layout\library\DIMM050T.llb
Tue Apr 19 09:57:19 Loaded file d:\pf_orcad\Layout\library\DIN.llb
Tue Apr 19 09:57:19 Loaded file d:\pf_orcad\Layout\library\DIP100B.llb
Tue Apr 19 09:57:19 Loaded file d:\pf_orcad\Layout\library\DIP100T.llb
Tue Apr 19 09:57:19 Loaded file d:\pf_orcad\Layout\library\DSUBT.llb
Tue Apr 19 09:57:19 Loaded file d:\pf_orcad\Layout\library\DSUBT_HD.LLB
Tue Apr 19 09:57:19 Loaded file d:\pf_orcad\Layout\library\ECON100T.llb
Tue Apr 19 09:57:19 Loaded file d:\pf_orcad\Layout\library\FBUS.llb
Tue Apr 19 09:57:19 Loaded file d:\pf_orcad\Layout\library\ISA.llb
Tue Apr 19 09:57:19 Loaded file d:\pf_orcad\Layout\library\JUMPER.LLB
Tue Apr 19 09:57:19 Loaded file d:\pf_orcad\Layout\library\LAYOUT.llb
Tue Apr 19 09:57:19 Loaded file d:\pf_orcad\Layout\library\LCON100T.llb
Tue Apr 19 09:57:19 Loaded file d:\pf_orcad\Layout\library\PC104.llb
Tue Apr 19 09:57:19 Loaded file d:\pf_orcad\Layout\library\PCI.llb
Tue Apr 19 09:57:19 Loaded file d:\pf_orcad\Layout\library\PCON100T.llb
Tue Apr 19 09:57:19 Loaded file d:\pf_orcad\Layout\library\PCON156T.llb
Tue Apr 19 09:57:19 Loaded file d:\pf_orcad\Layout\library\PGA.llb
Tue Apr 19 09:57:19 Loaded file d:\pf_orcad\Layout\library\PLCC.llb
Tue Apr 19 09:57:19 Loaded file d:\pf_orcad\Layout\library\QUAD.llb
Tue Apr 19 09:57:19 Loaded file d:\pf_orcad\Layout\library\QUADB.llb
Tue Apr 19 09:57:19 Loaded file d:\pf_orcad\Layout\library\RELAY.llb
Tue Apr 19 09:57:19 Loaded file d:\pf_orcad\Layout\library\RF.llb
Tue Apr 19 09:57:19 Loaded file d:\pf_orcad\Layout\library\SBUS.llb
Tue Apr 19 09:57:19 Loaded file d:\pf_orcad\Layout\library\SIMM050F.llb
Tue Apr 19 09:57:19 Loaded file d:\pf_orcad\Layout\library\SIMM050T.llb
Tue Apr 19 09:57:19 Loaded file d:\pf_orcad\Layout\library\SIMM100F.llb
Tue Apr 19 09:57:19 Loaded file d:\pf_orcad\Layout\library\SIMM100T.llb
Tue Apr 19 09:57:19 Loaded file d:\pf_orcad\Layout\library\SIP.llb
Tue Apr 19 09:57:19 Loaded file d:\pf_orcad\Layout\library\SM.llb
Tue Apr 19 09:57:19 Loaded file d:\pf_orcad\Layout\library\SOG.llb
Tue Apr 19 09:57:19 Loaded file d:\pf_orcad\Layout\library\SOJ.llb
Tue Apr 19 09:57:19 Loaded file d:\pf_orcad\Layout\library\STIFF.llb
Tue Apr 19 09:57:19 Loaded file d:\pf_orcad\Layout\library\TELE.llb
Tue Apr 19 09:57:19 Loaded file d:\pf_orcad\Layout\library\TM_AXIAL.llb
Tue Apr 19 09:57:19 Loaded file d:\pf_orcad\Layout\library\TM_CAP_P.llb
Tue Apr 19 09:57:19 Loaded file d:\pf_orcad\Layout\library\TM_CYLND.llb
Tue Apr 19 09:57:19 Loaded file d:\pf_orcad\Layout\library\TM_DIODE.llb
Tue Apr 19 09:57:19 Loaded file d:\pf_orcad\Layout\library\TM_DISC.llb
Tue Apr 19 09:57:19 Loaded file d:\pf_orcad\Layout\library\TM_RAD.llb
Tue Apr 19 09:57:19 Loaded file d:\pf_orcad\Layout\library\TO.llb
Tue Apr 19 09:57:19 Loaded file d:\pf_orcad\Layout\library\TRAINING.LLB
Tue Apr 19 09:57:19 Loaded file d:\pf_orcad\Layout\library\VRES.llb
Tue Apr 19 09:57:19 Loaded file d:\pf_orcad\Layout\library\WCON100T.llb
Tue Apr 19 09:57:19 Loaded file d:\pf_orcad\Layout\library\XT.llb
Tue Apr 19 09:57:19 Loaded file d:\pf_orcad\Layout\library\ZIGZAG.llb
Tue Apr 19 09:57:19 Saved as file D:\STUDENT\TME\2131\MAXIM_GEORGIANA_BIANCA\DATALOGGER_DEVERSOR.MAX
Tue Apr 19 09:57:19 Loaded file D:\STUDENT\TME\2131\MAXIM_GEORGIANA_BIANCA\DATALOGGER_DEVERSOR.MAX
Tue Apr 19 09:57:22 Loaded file D:\STUDENT\TME\2131\MAXIM_GEORGIANA_BIANCA\DATALOGGER_DEVERSOR.MAX
Tue Apr 19 09:57:47 Saved as file BACKUP1.MAX
Tue Apr 19 09:57:47 Saved as file D:\STUDENT\TME\2131\MAXIM_GEORGIANA_BIANCA\DATALOGGER_DEVERSOR.MAX
Tue Apr 19 09:57:47 UserDiv from Layout.INI for AutoECO: 60
Tue Apr 19 09:57:47 Loaded file D:\STUDENT\TME\2131\MAXIM_GEORGIANA_BIANCA\DATALOGGER_DEVERSOR.MAX
Tue Apr 19 09:57:47 Loaded file D:\STUDENT\TME\2133\VRABIE_ILINCA\FOOTPRINTS_VRABIE.LLB
Tue Apr 19 09:57:47 Loaded file D:\STUDENT\TME\2133\CIOARBA_VLAD\AT.LLB
Tue Apr 19 09:57:47 Loaded file D:\STUDENT\TME\2131\MAXIM_GEORGIANA_BIANCA\BIA.LLB
Tue Apr 19 09:57:47 Loaded file C:\USERS\STUDENT\DOWNLOADS\LIVIU.LLB
Tue Apr 19 09:57:47 Loaded file D:\STUDENT\TME\DOCUMENTATIE PENTRU TOATA LUMEA\LIVIU.LLB
Tue Apr 19 09:57:47 Loaded file d:\pf_orcad\Layout\library\BCON100T.llb
Tue Apr 19 09:57:47 Loaded file d:\pf_orcad\Layout\library\BCON156T.llb
Tue Apr 19 09:57:47 Loaded file d:\pf_orcad\Layout\library\BGA.llb
Tue Apr 19 09:57:47 Loaded file d:\pf_orcad\Layout\library\CLCC.llb
Tue Apr 19 09:57:47 Loaded file d:\pf_orcad\Layout\library\DCON050T.llb
Tue Apr 19 09:57:47 Loaded file d:\pf_orcad\Layout\library\DCON085T.llb
Tue Apr 19 09:57:47 Loaded file d:\pf_orcad\Layout\library\DIMM050F.llb
Tue Apr 19 09:57:47 Loaded file d:\pf_orcad\Layout\library\DIMM050T.llb
Tue Apr 19 09:57:47 Loaded file d:\pf_orcad\Layout\library\DIN.llb
Tue Apr 19 09:57:47 Loaded file d:\pf_orcad\Layout\library\DIP100B.llb
Tue Apr 19 09:57:47 Loaded file d:\pf_orcad\Layout\library\DIP100T.llb
Tue Apr 19 09:57:47 Loaded file d:\pf_orcad\Layout\library\DSUBT.llb
Tue Apr 19 09:57:47 Loaded file d:\pf_orcad\Layout\library\DSUBT_HD.LLB
Tue Apr 19 09:57:47 Loaded file d:\pf_orcad\Layout\library\ECON100T.llb
Tue Apr 19 09:57:47 Loaded file d:\pf_orcad\Layout\library\FBUS.llb
Tue Apr 19 09:57:47 Loaded file d:\pf_orcad\Layout\library\ISA.llb
Tue Apr 19 09:57:47 Loaded file d:\pf_orcad\Layout\library\JUMPER.LLB
Tue Apr 19 09:57:47 Loaded file d:\pf_orcad\Layout\library\LAYOUT.llb
Tue Apr 19 09:57:47 Loaded file d:\pf_orcad\Layout\library\LCON100T.llb
Tue Apr 19 09:57:47 Loaded file d:\pf_orcad\Layout\library\PC104.llb
Tue Apr 19 09:57:47 Loaded file d:\pf_orcad\Layout\library\PCI.llb
Tue Apr 19 09:57:47 Loaded file d:\pf_orcad\Layout\library\PCON100T.llb
Tue Apr 19 09:57:47 Loaded file d:\pf_orcad\Layout\library\PCON156T.llb
Tue Apr 19 09:57:47 Loaded file d:\pf_orcad\Layout\library\PGA.llb
Tue Apr 19 09:57:47 Loaded file d:\pf_orcad\Layout\library\PLCC.llb
Tue Apr 19 09:57:47 Loaded file d:\pf_orcad\Layout\library\QUAD.llb
Tue Apr 19 09:57:47 Loaded file d:\pf_orcad\Layout\library\QUADB.llb
Tue Apr 19 09:57:47 Loaded file d:\pf_orcad\Layout\library\RELAY.llb
Tue Apr 19 09:57:47 Loaded file d:\pf_orcad\Layout\library\RF.llb
Tue Apr 19 09:57:47 Loaded file d:\pf_orcad\Layout\library\SBUS.llb
Tue Apr 19 09:57:47 Loaded file d:\pf_orcad\Layout\library\SIMM050F.llb
Tue Apr 19 09:57:47 Loaded file d:\pf_orcad\Layout\library\SIMM050T.llb
Tue Apr 19 09:57:47 Loaded file d:\pf_orcad\Layout\library\SIMM100F.llb
Tue Apr 19 09:57:47 Loaded file d:\pf_orcad\Layout\library\SIMM100T.llb
Tue Apr 19 09:57:47 Loaded file d:\pf_orcad\Layout\library\SIP.llb
Tue Apr 19 09:57:47 Loaded file d:\pf_orcad\Layout\library\SM.llb
Tue Apr 19 09:57:47 Loaded file d:\pf_orcad\Layout\library\SOG.llb
Tue Apr 19 09:57:47 Loaded file d:\pf_orcad\Layout\library\SOJ.llb
Tue Apr 19 09:57:47 Loaded file d:\pf_orcad\Layout\library\STIFF.llb
Tue Apr 19 09:57:47 Loaded file d:\pf_orcad\Layout\library\TELE.llb
Tue Apr 19 09:57:47 Loaded file d:\pf_orcad\Layout\library\TM_AXIAL.llb
Tue Apr 19 09:57:47 Loaded file d:\pf_orcad\Layout\library\TM_CAP_P.llb
Tue Apr 19 09:57:47 Loaded file d:\pf_orcad\Layout\library\TM_CYLND.llb
Tue Apr 19 09:57:47 Loaded file d:\pf_orcad\Layout\library\TM_DIODE.llb
Tue Apr 19 09:57:47 Loaded file d:\pf_orcad\Layout\library\TM_DISC.llb
Tue Apr 19 09:57:47 Loaded file d:\pf_orcad\Layout\library\TM_RAD.llb
Tue Apr 19 09:57:47 Loaded file d:\pf_orcad\Layout\library\TO.llb
Tue Apr 19 09:57:47 Loaded file d:\pf_orcad\Layout\library\TRAINING.LLB
Tue Apr 19 09:57:47 Loaded file d:\pf_orcad\Layout\library\VRES.llb
Tue Apr 19 09:57:47 Loaded file d:\pf_orcad\Layout\library\WCON100T.llb
Tue Apr 19 09:57:47 Loaded file d:\pf_orcad\Layout\library\XT.llb
Tue Apr 19 09:57:47 Loaded file d:\pf_orcad\Layout\library\ZIGZAG.llb
Tue Apr 19 09:57:48 Saved as file D:\STUDENT\TME\2131\MAXIM_GEORGIANA_BIANCA\DATALOGGER_DEVERSOR.MAX
Tue Apr 19 09:57:50 Loaded file D:\STUDENT\TME\2131\MAXIM_GEORGIANA_BIANCA\DATALOGGER_DEVERSOR.MAX
Tue Apr 19 10:00:11 Saved as file BACKUP1.MAX
Tue Apr 19 10:04:23 Saved as file D:\STUDENT\TME\2131\MAXIM_GEORGIANA_BIANCA\DATALOGGER_DEVERSOR.MAX
Tue Apr 19 10:04:23 Saved as file BACKUP1.MAX
Tue Apr 19 10:04:23 Saved as file D:\STUDENT\TME\2131\MAXIM_GEORGIANA_BIANCA\DATALOGGER_DEVERSOR.MAX
Tue Apr 19 10:04:23 UserDiv from Layout.INI for AutoECO: 60
Tue Apr 19 10:04:23 Loaded file D:\STUDENT\TME\2131\MAXIM_GEORGIANA_BIANCA\DATALOGGER_DEVERSOR.MAX
Tue Apr 19 10:04:23 Loaded file D:\STUDENT\TME\2133\VRABIE_ILINCA\FOOTPRINTS_VRABIE.LLB
Tue Apr 19 10:04:23 Loaded file D:\STUDENT\TME\2133\CIOARBA_VLAD\AT.LLB
Tue Apr 19 10:04:23 Loaded file D:\STUDENT\TME\2131\MAXIM_GEORGIANA_BIANCA\BIA.LLB
Tue Apr 19 10:04:23 Loaded file C:\USERS\STUDENT\DOWNLOADS\LIVIU.LLB
Tue Apr 19 10:04:23 Loaded file d:\pf_orcad\Layout\library\BCON100T.llb
Tue Apr 19 10:04:23 Loaded file d:\pf_orcad\Layout\library\BCON156T.llb
Tue Apr 19 10:04:23 Loaded file d:\pf_orcad\Layout\library\BGA.llb
Tue Apr 19 10:04:23 Loaded file d:\pf_orcad\Layout\library\CLCC.llb
Tue Apr 19 10:04:23 Loaded file d:\pf_orcad\Layout\library\DCON050T.llb
Tue Apr 19 10:04:23 Loaded file d:\pf_orcad\Layout\library\DCON085T.llb
Tue Apr 19 10:04:23 Loaded file d:\pf_orcad\Layout\library\DIMM050F.llb
Tue Apr 19 10:04:23 Loaded file d:\pf_orcad\Layout\library\DIMM050T.llb
Tue Apr 19 10:04:23 Loaded file d:\pf_orcad\Layout\library\DIN.llb
Tue Apr 19 10:04:23 Loaded file d:\pf_orcad\Layout\library\DIP100B.llb
Tue Apr 19 10:04:23 Loaded file d:\pf_orcad\Layout\library\DIP100T.llb
Tue Apr 19 10:04:23 Loaded file d:\pf_orcad\Layout\library\DSUBT.llb
Tue Apr 19 10:04:23 Loaded file d:\pf_orcad\Layout\library\DSUBT_HD.LLB
Tue Apr 19 10:04:23 Loaded file d:\pf_orcad\Layout\library\ECON100T.llb
Tue Apr 19 10:04:23 Loaded file d:\pf_orcad\Layout\library\FBUS.llb
Tue Apr 19 10:04:23 Loaded file d:\pf_orcad\Layout\library\ISA.llb
Tue Apr 19 10:04:23 Loaded file d:\pf_orcad\Layout\library\JUMPER.LLB
Tue Apr 19 10:04:23 Loaded file d:\pf_orcad\Layout\library\LAYOUT.llb
Tue Apr 19 10:04:23 Loaded file d:\pf_orcad\Layout\library\LCON100T.llb
Tue Apr 19 10:04:23 Loaded file d:\pf_orcad\Layout\library\PC104.llb
Tue Apr 19 10:04:23 Loaded file d:\pf_orcad\Layout\library\PCI.llb
Tue Apr 19 10:04:23 Loaded file d:\pf_orcad\Layout\library\PCON100T.llb
Tue Apr 19 10:04:23 Loaded file d:\pf_orcad\Layout\library\PCON156T.llb
Tue Apr 19 10:04:23 Loaded file d:\pf_orcad\Layout\library\PGA.llb
Tue Apr 19 10:04:23 Loaded file d:\pf_orcad\Layout\library\PLCC.llb
Tue Apr 19 10:04:23 Loaded file d:\pf_orcad\Layout\library\QUAD.llb
Tue Apr 19 10:04:23 Loaded file d:\pf_orcad\Layout\library\QUADB.llb
Tue Apr 19 10:04:23 Loaded file d:\pf_orcad\Layout\library\RELAY.llb
Tue Apr 19 10:04:23 Loaded file d:\pf_orcad\Layout\library\RF.llb
Tue Apr 19 10:04:23 Loaded file d:\pf_orcad\Layout\library\SBUS.llb
Tue Apr 19 10:04:23 Loaded file d:\pf_orcad\Layout\library\SIMM050F.llb
Tue Apr 19 10:04:23 Loaded file d:\pf_orcad\Layout\library\SIMM050T.llb
Tue Apr 19 10:04:23 Loaded file d:\pf_orcad\Layout\library\SIMM100F.llb
Tue Apr 19 10:04:23 Loaded file d:\pf_orcad\Layout\library\SIMM100T.llb
Tue Apr 19 10:04:23 Loaded file d:\pf_orcad\Layout\library\SIP.llb
Tue Apr 19 10:04:23 Loaded file d:\pf_orcad\Layout\library\SM.llb
Tue Apr 19 10:04:23 Loaded file d:\pf_orcad\Layout\library\SOG.llb
Tue Apr 19 10:04:23 Loaded file d:\pf_orcad\Layout\library\SOJ.llb
Tue Apr 19 10:04:23 Loaded file d:\pf_orcad\Layout\library\STIFF.llb
Tue Apr 19 10:04:23 Loaded file d:\pf_orcad\Layout\library\TELE.llb
Tue Apr 19 10:04:23 Loaded file d:\pf_orcad\Layout\library\TM_AXIAL.llb
Tue Apr 19 10:04:23 Loaded file d:\pf_orcad\Layout\library\TM_CAP_P.llb
Tue Apr 19 10:04:23 Loaded file d:\pf_orcad\Layout\library\TM_CYLND.llb
Tue Apr 19 10:04:23 Loaded file d:\pf_orcad\Layout\library\TM_DIODE.llb
Tue Apr 19 10:04:23 Loaded file d:\pf_orcad\Layout\library\TM_DISC.llb
Tue Apr 19 10:04:23 Loaded file d:\pf_orcad\Layout\library\TM_RAD.llb
Tue Apr 19 10:04:23 Loaded file d:\pf_orcad\Layout\library\TO.llb
Tue Apr 19 10:04:23 Loaded file d:\pf_orcad\Layout\library\TRAINING.LLB
Tue Apr 19 10:04:23 Loaded file d:\pf_orcad\Layout\library\VRES.llb
Tue Apr 19 10:04:23 Loaded file d:\pf_orcad\Layout\library\WCON100T.llb
Tue Apr 19 10:04:23 Loaded file d:\pf_orcad\Layout\library\XT.llb
Tue Apr 19 10:04:23 Loaded file d:\pf_orcad\Layout\library\ZIGZAG.llb
Tue Apr 19 10:04:23 Loaded file d:\pf_orcad\Layout\library\SM.llb
Tue Apr 19 10:04:23 Loaded file d:\pf_orcad\Layout\library\SM.llb
Tue Apr 19 10:04:23 Loaded file d:\pf_orcad\Layout\library\TM_CAP_P.llb
Tue Apr 19 10:04:23 Loaded file D:\STUDENT\TME\2133\VRABIE_ILINCA\FOOTPRINTS_VRABIE.LLB
Tue Apr 19 10:04:23 Loaded file C:\USERS\STUDENT\DOWNLOADS\LIVIU.LLB
Tue Apr 19 10:04:23 Loaded file d:\pf_orcad\Layout\library\TO.llb
Tue Apr 19 10:04:23 Loaded file C:\USERS\STUDENT\DOWNLOADS\LIVIU.LLB
Tue Apr 19 10:04:23 Loaded file d:\pf_orcad\Layout\library\SIP.llb
Tue Apr 19 10:04:23 Loaded file D:\STUDENT\TME\2133\CIOARBA_VLAD\AT.LLB
Tue Apr 19 10:04:23 Loaded file C:\USERS\STUDENT\DOWNLOADS\LIVIU.LLB
Tue Apr 19 10:04:23 Loaded file d:\pf_orcad\Layout\library\SM.llb
Tue Apr 19 10:04:23 Loaded file d:\pf_orcad\Layout\library\DIP100T.llb
Tue Apr 19 10:04:23 Loaded file d:\pf_orcad\Layout\library\SIP.llb
Tue Apr 19 10:04:24 Saved as file D:\STUDENT\TME\2131\MAXIM_GEORGIANA_BIANCA\DATALOGGER_DEVERSOR.MAX
Tue Apr 19 10:04:24 Loaded file D:\STUDENT\TME\2131\MAXIM_GEORGIANA_BIANCA\DATALOGGER_DEVERSOR.MAX
Tue Apr 19 10:14:34 Saved as file BACKUP1.MAX
Tue Apr 19 10:25:04 Saved as file BACKUP1.MAX
Tue Apr 19 10:25:05 Saved as file D:\STUDENT\TME\2131\MAXIM_GEORGIANA_BIANCA\DATALOGGER_DEVERSOR.MAX
Tue Apr 19 10:25:11 Saved as file D:\STUDENT\TME\2131\MAXIM_GEORGIANA_BIANCA\DATALOGGER_DEVERSOR.MAX
Tue Apr 19 10:25:16 Saved as file D:\STUDENT\TME\2131\MAXIM_GEORGIANA_BIANCA\DATALOGGER_DEVERSOR.MAX
Tue Apr 19 10:35:34 Saved as file BACKUP1.MAX
Tue Apr 19 10:41:49 Saved as file D:\STUDENT\TME\2131\MAXIM_GEORGIANA_BIANCA\DATALOGGER_DEVERSOR.MAX
Tue Apr 19 10:41:51 Saved as file D:\STUDENT\TME\2131\MAXIM_GEORGIANA_BIANCA\DATALOGGER_DEVERSOR.MAX
Tue Apr 19 10:41:51 Saved as file D:\STUDENT\TME\2131\MAXIM_GEORGIANA_BIANCA\DATALOGGER_DEVERSOR.MAX
Tue Apr 19 10:41:52 Saved as file D:\STUDENT\TME\2131\MAXIM_GEORGIANA_BIANCA\DATALOGGER_DEVERSOR.MAX
Tue Apr 19 10:41:52 Saved as file D:\STUDENT\TME\2131\MAXIM_GEORGIANA_BIANCA\DATALOGGER_DEVERSOR.MAX
Tue Apr 19 10:41:52 Saved as file D:\STUDENT\TME\2131\MAXIM_GEORGIANA_BIANCA\DATALOGGER_DEVERSOR.MAX
Tue Apr 19 10:41:52 Saved as file D:\STUDENT\TME\2131\MAXIM_GEORGIANA_BIANCA\DATALOGGER_DEVERSOR.MAX
Tue Apr 19 10:41:54 Saved as file D:\STUDENT\TME\2131\MAXIM_GEORGIANA_BIANCA\DATALOGGER_DEVERSOR.MAX
Tue Apr 19 10:41:54 Saved as file D:\STUDENT\TME\2131\MAXIM_GEORGIANA_BIANCA\DATALOGGER_DEVERSOR.MAX
Tue Apr 19 10:41:57 Saved as file D:\STUDENT\TME\2131\MAXIM_GEORGIANA_BIANCA\DATALOGGER_DEVERSOR.MAX
Tue Apr 19 10:41:59 Saved as file D:\STUDENT\TME\2131\MAXIM_GEORGIANA_BIANCA\DATALOGGER_DEVERSOR.MAX
Tue Apr 19 10:42:27 Error code 5200.306
Tue Apr 19 10:42:27 Saved as file Backup0.max
Tue Apr 19 10:42:27 Windows which were open at time of error:
Tue Apr 19 10:42:27 	ActiveWindow: Library Manager
Tue Apr 19 10:42:27 End-of-list
Tue Apr 19 10:42:28 Loaded file BACKUP0.MAX
Tue May 10 11:31:19 Loaded file C:\USERS\BMAXI\DESKTOP\MAXIM_GEORGIANA_BIANCA\BIA.LLB
Tue May 10 11:31:21 Loaded file c:\users\bmaxi\Layout\data\template.imp
Tue May 10 11:31:21 Loaded file c:\users\bmaxi\Layout\data\template.imp
Tue May 10 11:31:23 Loaded file c:\users\bmaxi\Layout\data\template.imp
Tue May 10 11:31:30 Loaded file C:\USERS\BMAXI\DESKTOP\MAXIM_GEORGIANA_BIANCA\DATALOGGER_DEVERSOR.MAX
Mon Jul 18 09:56:52 Loaded file C:\USERS\BMAXI\DESKTOP\AN 3\SEMESTRUL II\TME\MAXIM_GEORGIANA_BIANCA\BACKUP0.MAX
Mon Jul 18 09:57:42 Loaded file C:\USERS\BMAXI\DESKTOP\AN 3\SEMESTRUL II\TME\MAXIM_GEORGIANA_BIANCA\DATALOGGER_DEVERSOR.MAX
